  [1m[35m (0.2ms)[0m  [1m[35mDROP DATABASE IF EXISTS "TaskList_development"[0m
  ↳ bin/rails:9
  [1m[35m (0.2ms)[0m  [1m[35mDROP DATABASE IF EXISTS "TaskList_test"[0m
  ↳ bin/rails:9
  [1m[35m (537.6ms)[0m  [1m[35mCREATE DATABASE "TaskList_development" ENCODING = 'unicode'[0m
  ↳ bin/rails:9
  [1m[35m (526.9ms)[0m  [1m[35mCREATE DATABASE "TaskList_test" ENCODING = 'unicode'[0m
  ↳ bin/rails:9
Started GET "/tasks" for 127.0.0.1 at 2018-09-17 14:12:21 -0700
Processing by TasksController#index as HTML
  Rendering tasks/index.html.erb within layouts/application
  Rendered tasks/index.html.erb within layouts/application (8.5ms)
Completed 200 OK in 425ms (Views: 405.6ms | ActiveRecord: 0.0ms)


Started GET "/tasks" for 127.0.0.1 at 2018-09-17 14:14:34 -0700
Processing by TasksController#index as HTML
  Rendering tasks/index.html.erb within layouts/application
  Rendered tasks/index.html.erb within layouts/application (0.5ms)
Completed 200 OK in 50ms (Views: 46.6ms | ActiveRecord: 0.0ms)


Started GET "/tasks" for 127.0.0.1 at 2018-09-17 14:16:19 -0700
Processing by TasksController#index as HTML
  Rendering tasks/index.html.erb within layouts/application
  Rendered tasks/index.html.erb within layouts/application (1.7ms)
Completed 500 Internal Server Error in 12ms (ActiveRecord: 0.0ms)



SyntaxError - syntax error, unexpected ')', expecting ']'
...ut_buffer.append=( task[:name );@output_buffer.safe_append=']
...                              ^
/Users/cassandraarchibald/Ada/week-7/TaskList/app/views/tasks/index.html.erb:11: syntax error, unexpected keyword_ensure, expecting ')'
          ensure
          ^~~~~~
/Users/cassandraarchibald/Ada/week-7/TaskList/app/views/tasks/index.html.erb:13: syntax error, unexpected keyword_end, expecting ')'
          end
          ^~~:
  app/views/tasks/index.html.erb:5:in `'

Started POST "/__better_errors/874093e5add76de6/variables" for 127.0.0.1 at 2018-09-17 14:16:20 -0700
Started GET "/tasks" for 127.0.0.1 at 2018-09-17 14:16:51 -0700
Processing by TasksController#index as HTML
  Rendering tasks/index.html.erb within layouts/application
  Rendered tasks/index.html.erb within layouts/application (3.2ms)
Completed 500 Internal Server Error in 13ms (ActiveRecord: 0.0ms)



SyntaxError - syntax error, unexpected end-of-input, expecting keyword_end
          end
             ^:
  app/views/tasks/index.html.erb:13:in `'

Started POST "/__better_errors/81a9589a2be71f67/variables" for 127.0.0.1 at 2018-09-17 14:16:52 -0700
Started GET "/tasks" for 127.0.0.1 at 2018-09-17 14:17:06 -0700
Processing by TasksController#index as HTML
  Rendering tasks/index.html.erb within layouts/application
  Rendered tasks/index.html.erb within layouts/application (0.5ms)
Completed 200 OK in 66ms (Views: 61.4ms | ActiveRecord: 0.0ms)


Started GET "/tasks" for 127.0.0.1 at 2018-09-17 14:17:14 -0700
Processing by TasksController#index as HTML
  Rendering tasks/index.html.erb within layouts/application
  Rendered tasks/index.html.erb within layouts/application (1.3ms)
Completed 500 Internal Server Error in 10ms (ActiveRecord: 0.0ms)



SyntaxError - syntax error, unexpected ':', expecting ')'
...ut_buffer.append=( task[:name]: );@output_buffer.safe_append...
...                              ^
/Users/cassandraarchibald/Ada/week-7/TaskList/app/views/tasks/index.html.erb:9: syntax error, unexpected keyword_end, expecting ')'
'.freeze; end 
          ^~~
/Users/cassandraarchibald/Ada/week-7/TaskList/app/views/tasks/index.html.erb:11: syntax error, unexpected keyword_ensure, expecting ')'
          ensure
          ^~~~~~
/Users/cassandraarchibald/Ada/week-7/TaskList/app/views/tasks/index.html.erb:13: syntax error, unexpected keyword_end, expecting ')'
          end
          ^~~:
  app/views/tasks/index.html.erb:5:in `'

Started POST "/__better_errors/685ec120c95278dd/variables" for 127.0.0.1 at 2018-09-17 14:17:14 -0700
Started GET "/tasks" for 127.0.0.1 at 2018-09-17 14:18:02 -0700
Processing by TasksController#index as HTML
  Rendering tasks/index.html.erb within layouts/application
  Rendered tasks/index.html.erb within layouts/application (0.4ms)
Completed 200 OK in 80ms (Views: 76.4ms | ActiveRecord: 0.0ms)


Started GET "/tasks" for 127.0.0.1 at 2018-09-17 14:18:41 -0700
Processing by TasksController#index as HTML
  Rendering tasks/index.html.erb within layouts/application
  Rendered tasks/index.html.erb within layouts/application (0.6ms)
Completed 200 OK in 71ms (Views: 67.0ms | ActiveRecord: 0.0ms)


Started GET "/tasks" for 127.0.0.1 at 2018-09-17 14:19:35 -0700
Processing by TasksController#index as HTML
  Rendering tasks/index.html.erb within layouts/application
  Rendered tasks/index.html.erb within layouts/application (0.4ms)
Completed 200 OK in 79ms (Views: 75.0ms | ActiveRecord: 0.0ms)


Started GET "/tasks" for 127.0.0.1 at 2018-09-17 14:20:03 -0700
Processing by TasksController#index as HTML
  Rendering tasks/index.html.erb within layouts/application
  Rendered tasks/index.html.erb within layouts/application (1.0ms)
Completed 200 OK in 85ms (Views: 82.3ms | ActiveRecord: 0.0ms)


Started GET "/tasks" for 127.0.0.1 at 2018-09-17 14:20:30 -0700
Processing by TasksController#index as HTML
  Rendering tasks/index.html.erb within layouts/application
  Rendered tasks/index.html.erb within layouts/application (0.8ms)
Completed 200 OK in 33ms (Views: 29.5ms | ActiveRecord: 0.0ms)


Started GET "/tasks" for 127.0.0.1 at 2018-09-17 14:21:05 -0700
Processing by TasksController#index as HTML
  Rendering tasks/index.html.erb within layouts/application
  Rendered tasks/index.html.erb within layouts/application (0.9ms)
Completed 500 Internal Server Error in 10ms (ActiveRecord: 0.0ms)



SyntaxError - syntax error, unexpected tIDENTIFIER, expecting ')'
...uffer.append=( task[:name] task[:description] task[:completi...
...                           ^~~~
/Users/cassandraarchibald/Ada/week-7/TaskList/app/views/tasks/index.html.erb:5: syntax error, unexpected tIDENTIFIER, expecting ')'
...[:name] task[:description] task[:completion_date] );@output_...
...                           ^~~~:
  app/views/tasks/index.html.erb:5:in `'

Started POST "/__better_errors/438661e20fe94e6a/variables" for 127.0.0.1 at 2018-09-17 14:21:05 -0700
Started GET "/tasks" for 127.0.0.1 at 2018-09-17 14:22:18 -0700
Processing by TasksController#index as HTML
  Rendering tasks/index.html.erb within layouts/application
  Rendered tasks/index.html.erb within layouts/application (1.0ms)
Completed 200 OK in 128ms (Views: 125.3ms | ActiveRecord: 0.0ms)


Started GET "/tasks" for 127.0.0.1 at 2018-09-17 14:25:44 -0700
Processing by TasksController#index as HTML
  Rendering tasks/index.html.erb within layouts/application
  Rendered tasks/index.html.erb within layouts/application (0.4ms)
Completed 200 OK in 69ms (Views: 66.4ms | ActiveRecord: 0.0ms)


Started GET "/tasks" for 127.0.0.1 at 2018-09-17 14:25:46 -0700
Processing by TasksController#index as HTML
  Rendering tasks/index.html.erb within layouts/application
  Rendered tasks/index.html.erb within layouts/application (0.4ms)
Completed 200 OK in 34ms (Views: 31.3ms | ActiveRecord: 0.0ms)


Started GET "/tasks" for 127.0.0.1 at 2018-09-17 14:27:42 -0700
Processing by TasksController#index as HTML
  Rendering tasks/index.html.erb within layouts/application
  Rendered tasks/index.html.erb within layouts/application (0.4ms)
Completed 200 OK in 114ms (Views: 111.3ms | ActiveRecord: 0.0ms)


Started GET "/tasks" for 127.0.0.1 at 2018-09-17 14:32:38 -0700
Processing by TasksController#index as HTML
  Rendering tasks/index.html.erb within layouts/application
  Rendered tasks/index.html.erb within layouts/application (0.5ms)
Completed 200 OK in 146ms (Views: 142.4ms | ActiveRecord: 0.0ms)


Started GET "/tasks" for 127.0.0.1 at 2018-09-17 14:33:28 -0700
Processing by TasksController#index as HTML
  Rendering tasks/index.html.erb within layouts/application
  Rendered tasks/index.html.erb within layouts/application (0.5ms)
Completed 500 Internal Server Error in 65ms (ActiveRecord: 0.0ms)



Sass::SyntaxError - Invalid CSS after "  padding": expected "{", was "; 1rem;":
  app/views/layouts/application.html.erb:8:in `_app_views_layouts_application_html_erb__2268264146278153171_70361418234860'

Started POST "/__better_errors/965580716d28e1c8/variables" for 127.0.0.1 at 2018-09-17 14:33:28 -0700
Started GET "/tasks" for 127.0.0.1 at 2018-09-17 14:33:50 -0700
Processing by TasksController#index as HTML
  Rendering tasks/index.html.erb within layouts/application
  Rendered tasks/index.html.erb within layouts/application (0.5ms)
Completed 200 OK in 86ms (Views: 81.6ms | ActiveRecord: 0.0ms)


Started GET "/tasks" for 127.0.0.1 at 2018-09-17 14:34:11 -0700
Processing by TasksController#index as HTML
  Rendering tasks/index.html.erb within layouts/application
  Rendered tasks/index.html.erb within layouts/application (0.4ms)
Completed 200 OK in 62ms (Views: 58.2ms | ActiveRecord: 0.0ms)


Started GET "/tasks" for 127.0.0.1 at 2018-09-17 14:34:22 -0700
Processing by TasksController#index as HTML
  Rendering tasks/index.html.erb within layouts/application
  Rendered tasks/index.html.erb within layouts/application (0.9ms)
Completed 200 OK in 97ms (Views: 93.9ms | ActiveRecord: 0.0ms)


Started GET "/tasks" for 127.0.0.1 at 2018-09-17 14:34:37 -0700
Processing by TasksController#index as HTML
  Rendering tasks/index.html.erb within layouts/application
  Rendered tasks/index.html.erb within layouts/application (0.8ms)
Completed 200 OK in 78ms (Views: 75.0ms | ActiveRecord: 0.0ms)


Started GET "/tasks" for 127.0.0.1 at 2018-09-17 14:34:46 -0700
Processing by TasksController#index as HTML
  Rendering tasks/index.html.erb within layouts/application
  Rendered tasks/index.html.erb within layouts/application (0.4ms)
Completed 200 OK in 40ms (Views: 36.9ms | ActiveRecord: 0.0ms)


Started GET "/tasks" for 127.0.0.1 at 2018-09-17 14:35:08 -0700
Processing by TasksController#index as HTML
  Rendering tasks/index.html.erb within layouts/application
  Rendered tasks/index.html.erb within layouts/application (0.5ms)
Completed 200 OK in 112ms (Views: 109.9ms | ActiveRecord: 0.0ms)


Started GET "/tasks" for 127.0.0.1 at 2018-09-17 14:35:18 -0700
Processing by TasksController#index as HTML
  Rendering tasks/index.html.erb within layouts/application
  Rendered tasks/index.html.erb within layouts/application (0.4ms)
Completed 200 OK in 66ms (Views: 63.4ms | ActiveRecord: 0.0ms)


Started GET "/tasks" for 127.0.0.1 at 2018-09-17 14:35:51 -0700
Processing by TasksController#index as HTML
  Rendering tasks/index.html.erb within layouts/application
  Rendered tasks/index.html.erb within layouts/application (0.4ms)
Completed 200 OK in 74ms (Views: 71.2ms | ActiveRecord: 0.0ms)


Started GET "/tasks" for 127.0.0.1 at 2018-09-17 14:37:14 -0700
Processing by TasksController#index as HTML
  Rendering tasks/index.html.erb within layouts/application
  Rendered tasks/index.html.erb within layouts/application (0.5ms)
Completed 200 OK in 98ms (Views: 95.1ms | ActiveRecord: 0.0ms)


Started GET "/tasks" for 127.0.0.1 at 2018-09-17 14:38:23 -0700
Processing by TasksController#index as HTML
  Rendering tasks/index.html.erb within layouts/application
  Rendered tasks/index.html.erb within layouts/application (0.5ms)
Completed 200 OK in 111ms (Views: 108.1ms | ActiveRecord: 0.0ms)


Started GET "/tasks" for 127.0.0.1 at 2018-09-17 14:39:02 -0700
Processing by TasksController#index as HTML
  Rendering tasks/index.html.erb within layouts/application
  Rendered tasks/index.html.erb within layouts/application (0.4ms)
Completed 200 OK in 36ms (Views: 32.4ms | ActiveRecord: 0.0ms)


Started GET "/tasks" for 127.0.0.1 at 2018-09-17 14:39:49 -0700
Processing by TasksController#index as HTML
  Rendering tasks/index.html.erb within layouts/application
  Rendered tasks/index.html.erb within layouts/application (0.5ms)
Completed 200 OK in 29ms (Views: 27.0ms | ActiveRecord: 0.0ms)


Started GET "/tasks" for 127.0.0.1 at 2018-09-17 14:40:52 -0700
Processing by TasksController#index as HTML
  Rendering tasks/index.html.erb within layouts/application
  Rendered tasks/index.html.erb within layouts/application (0.6ms)
Completed 500 Internal Server Error in 53ms (ActiveRecord: 0.0ms)



Sass::SyntaxError - Invalid CSS after "  margin": expected ";", was ": 1rem;":
  app/views/layouts/application.html.erb:8:in `_app_views_layouts_application_html_erb__2268264146278153171_70361407256840'

Started POST "/__better_errors/5e8e78040c5ef0b1/variables" for 127.0.0.1 at 2018-09-17 14:40:52 -0700
Started GET "/tasks" for 127.0.0.1 at 2018-09-17 14:41:40 -0700
Processing by TasksController#index as HTML
  Rendering tasks/index.html.erb within layouts/application
  Rendered tasks/index.html.erb within layouts/application (0.6ms)
Completed 200 OK in 129ms (Views: 125.4ms | ActiveRecord: 0.0ms)


Started GET "/tasks" for 127.0.0.1 at 2018-09-17 14:41:55 -0700
Processing by TasksController#index as HTML
  Rendering tasks/index.html.erb within layouts/application
  Rendered tasks/index.html.erb within layouts/application (1.1ms)
Completed 200 OK in 168ms (Views: 164.8ms | ActiveRecord: 0.0ms)


Started GET "/tasks" for 127.0.0.1 at 2018-09-17 14:42:08 -0700
Processing by TasksController#index as HTML
  Rendering tasks/index.html.erb within layouts/application
  Rendered tasks/index.html.erb within layouts/application (6.1ms)
Completed 200 OK in 84ms (Views: 81.9ms | ActiveRecord: 0.0ms)


Started GET "/tasks" for 127.0.0.1 at 2018-09-17 14:43:09 -0700
Processing by TasksController#index as HTML
  Rendering tasks/index.html.erb within layouts/application
  Rendered tasks/index.html.erb within layouts/application (0.7ms)
Completed 200 OK in 63ms (Views: 59.8ms | ActiveRecord: 0.0ms)


Started GET "/tasks" for 127.0.0.1 at 2018-09-17 14:43:25 -0700
Processing by TasksController#index as HTML
  Rendering tasks/index.html.erb within layouts/application
  Rendered tasks/index.html.erb within layouts/application (17.0ms)
Completed 500 Internal Server Error in 26ms (ActiveRecord: 0.0ms)



NameError - uninitialized constant ActionView::CompiledTemplates::Tasks:
  app/views/tasks/index.html.erb:5:in `_app_views_tasks_index_html_erb___4199397414002628479_70361406682920'

Started POST "/__better_errors/585fba7f0a2c43cf/variables" for 127.0.0.1 at 2018-09-17 14:43:25 -0700
Started GET "/tasks" for 127.0.0.1 at 2018-09-17 14:43:44 -0700
Processing by TasksController#index as HTML
  Rendering tasks/index.html.erb within layouts/application
  Rendered tasks/index.html.erb within layouts/application (0.5ms)
Completed 200 OK in 55ms (Views: 51.8ms | ActiveRecord: 0.0ms)


Started GET "/tasks" for 127.0.0.1 at 2018-09-17 14:44:34 -0700
Processing by TasksController#index as HTML
  Rendering tasks/index.html.erb within layouts/application
  Rendered tasks/index.html.erb within layouts/application (0.5ms)
Completed 200 OK in 56ms (Views: 53.9ms | ActiveRecord: 0.0ms)


Started GET "/tasks" for 127.0.0.1 at 2018-09-17 14:45:21 -0700
Processing by TasksController#index as HTML
  Rendering tasks/index.html.erb within layouts/application
  Rendered tasks/index.html.erb within layouts/application (0.5ms)
Completed 200 OK in 31ms (Views: 27.8ms | ActiveRecord: 0.0ms)


Started GET "/tasks" for 127.0.0.1 at 2018-09-17 14:46:05 -0700
Processing by TasksController#index as HTML
  Rendering tasks/index.html.erb within layouts/application
  Rendered tasks/index.html.erb within layouts/application (0.5ms)
Completed 200 OK in 91ms (Views: 87.7ms | ActiveRecord: 0.0ms)


Started GET "/tasks" for 127.0.0.1 at 2018-09-17 14:46:43 -0700
Processing by TasksController#index as HTML
  Rendering tasks/index.html.erb within layouts/application
  Rendered tasks/index.html.erb within layouts/application (0.5ms)
Completed 200 OK in 31ms (Views: 28.0ms | ActiveRecord: 0.0ms)


Started GET "/tasks" for 127.0.0.1 at 2018-09-17 14:47:12 -0700
Processing by TasksController#index as HTML
  Rendering tasks/index.html.erb within layouts/application
  Rendered tasks/index.html.erb within layouts/application (0.5ms)
Completed 200 OK in 58ms (Views: 55.3ms | ActiveRecord: 0.0ms)


Started GET "/tasks" for 127.0.0.1 at 2018-09-17 14:47:43 -0700
Processing by TasksController#index as HTML
  Rendering tasks/index.html.erb within layouts/application
  Rendered tasks/index.html.erb within layouts/application (0.4ms)
Completed 200 OK in 152ms (Views: 148.5ms | ActiveRecord: 0.0ms)


Started GET "/tasks" for 127.0.0.1 at 2018-09-17 14:47:58 -0700
Processing by TasksController#index as HTML
  Rendering tasks/index.html.erb within layouts/application
  Rendered tasks/index.html.erb within layouts/application (0.4ms)
Completed 200 OK in 136ms (Views: 132.9ms | ActiveRecord: 0.0ms)


Started GET "/tasks" for 127.0.0.1 at 2018-09-17 14:49:14 -0700
Processing by TasksController#index as HTML
  Rendering tasks/index.html.erb within layouts/application
  Rendered tasks/index.html.erb within layouts/application (181.0ms)
Completed 500 Internal Server Error in 189ms (ActiveRecord: 0.0ms)



NoMethodError - undefined method `copywrite' for #<#<Class:0x00007ffc9045cec0>:0x00007ffc954cde18>:
  app/views/tasks/index.html.erb:15:in `_app_views_tasks_index_html_erb___4199397414002628479_70361406665700'

Started POST "/__better_errors/83166d31d0f4aad7/variables" for 127.0.0.1 at 2018-09-17 14:49:15 -0700
Started GET "/tasks" for 127.0.0.1 at 2018-09-17 14:49:27 -0700
Processing by TasksController#index as HTML
  Rendering tasks/index.html.erb within layouts/application
  Rendered tasks/index.html.erb within layouts/application (0.4ms)
Completed 200 OK in 115ms (Views: 111.0ms | ActiveRecord: 0.0ms)


Started GET "/tasks" for 127.0.0.1 at 2018-09-17 14:50:06 -0700
Processing by TasksController#index as HTML
  Rendering tasks/index.html.erb within layouts/application
  Rendered tasks/index.html.erb within layouts/application (0.7ms)
Completed 200 OK in 112ms (Views: 109.5ms | ActiveRecord: 0.0ms)


Started GET "/tasks" for 127.0.0.1 at 2018-09-17 14:50:22 -0700
Processing by TasksController#index as HTML
  Rendering tasks/index.html.erb within layouts/application
  Rendered tasks/index.html.erb within layouts/application (0.5ms)
Completed 200 OK in 92ms (Views: 88.2ms | ActiveRecord: 0.0ms)


Started GET "/tasks" for 127.0.0.1 at 2018-09-17 14:50:30 -0700
Processing by TasksController#index as HTML
  Rendering tasks/index.html.erb within layouts/application
  Rendered tasks/index.html.erb within layouts/application (0.5ms)
Completed 200 OK in 72ms (Views: 69.3ms | ActiveRecord: 0.0ms)


Started GET "/tasks" for 127.0.0.1 at 2018-09-17 14:51:00 -0700
Processing by TasksController#index as HTML
  Rendering tasks/index.html.erb within layouts/application
  Rendered tasks/index.html.erb within layouts/application (0.6ms)
Completed 200 OK in 86ms (Views: 83.0ms | ActiveRecord: 0.0ms)


Started GET "/tasks" for 127.0.0.1 at 2018-09-17 14:51:15 -0700
Processing by TasksController#index as HTML
  Rendering tasks/index.html.erb within layouts/application
  Rendered tasks/index.html.erb within layouts/application (0.5ms)
Completed 200 OK in 59ms (Views: 55.6ms | ActiveRecord: 0.0ms)


Started GET "/books" for 127.0.0.1 at 2018-09-17 15:16:52 -0700
  
ActionController::RoutingError (No route matches [GET] "/books"):
  
actionpack (5.2.1) lib/action_dispatch/middleware/debug_exceptions.rb:65:in `call'
web-console (3.7.0) lib/web_console/middleware.rb:135:in `call_app'
web-console (3.7.0) lib/web_console/middleware.rb:30:in `block in call'
web-console (3.7.0) lib/web_console/middleware.rb:20:in `catch'
web-console (3.7.0) lib/web_console/middleware.rb:20:in `call'
actionpack (5.2.1) lib/action_dispatch/middleware/show_exceptions.rb:33:in `call'
railties (5.2.1) lib/rails/rack/logger.rb:38:in `call_app'
railties (5.2.1) lib/rails/rack/logger.rb:26:in `block in call'
activesupport (5.2.1) lib/active_support/tagged_logging.rb:71:in `block in tagged'
activesupport (5.2.1) lib/active_support/tagged_logging.rb:28:in `tagged'
activesupport (5.2.1) lib/active_support/tagged_logging.rb:71:in `tagged'
railties (5.2.1) lib/rails/rack/logger.rb:26:in `call'
sprockets-rails (3.2.1) lib/sprockets/rails/quiet_assets.rb:13:in `call'
actionpack (5.2.1) lib/action_dispatch/middleware/remote_ip.rb:81:in `call'
actionpack (5.2.1) lib/action_dispatch/middleware/request_id.rb:27:in `call'
rack (2.0.5) lib/rack/method_override.rb:22:in `call'
rack (2.0.5) lib/rack/runtime.rb:22:in `call'
activesupport (5.2.1) lib/active_support/cache/strategy/local_cache_middleware.rb:29:in `call'
actionpack (5.2.1) lib/action_dispatch/middleware/executor.rb:14:in `call'
actionpack (5.2.1) lib/action_dispatch/middleware/static.rb:127:in `call'
rack (2.0.5) lib/rack/sendfile.rb:111:in `call'
railties (5.2.1) lib/rails/engine.rb:524:in `call'
puma (3.12.0) lib/puma/configuration.rb:225:in `call'
puma (3.12.0) lib/puma/server.rb:658:in `handle_request'
puma (3.12.0) lib/puma/server.rb:472:in `process_client'
puma (3.12.0) lib/puma/server.rb:332:in `block in run'
puma (3.12.0) lib/puma/thread_pool.rb:133:in `block in spawn_thread'
Started GET "/tasks" for 127.0.0.1 at 2018-09-17 16:23:23 -0700
Processing by TasksController#index as HTML
  Rendering tasks/index.html.erb within layouts/application
  Rendered tasks/index.html.erb within layouts/application (5.1ms)
Completed 200 OK in 551ms (Views: 539.3ms | ActiveRecord: 0.0ms)


Started GET "/tasks/1" for 127.0.0.1 at 2018-09-17 16:27:13 -0700
Started GET "/tasks/1" for 127.0.0.1 at 2018-09-17 16:27:23 -0700
  
ActionController::RoutingError (No route matches [GET] "/tasks/1"):
  
actionpack (5.2.1) lib/action_dispatch/middleware/debug_exceptions.rb:65:in `call'
web-console (3.7.0) lib/web_console/middleware.rb:135:in `call_app'
web-console (3.7.0) lib/web_console/middleware.rb:30:in `block in call'
web-console (3.7.0) lib/web_console/middleware.rb:20:in `catch'
web-console (3.7.0) lib/web_console/middleware.rb:20:in `call'
actionpack (5.2.1) lib/action_dispatch/middleware/show_exceptions.rb:33:in `call'
railties (5.2.1) lib/rails/rack/logger.rb:38:in `call_app'
railties (5.2.1) lib/rails/rack/logger.rb:26:in `block in call'
activesupport (5.2.1) lib/active_support/tagged_logging.rb:71:in `block in tagged'
activesupport (5.2.1) lib/active_support/tagged_logging.rb:28:in `tagged'
activesupport (5.2.1) lib/active_support/tagged_logging.rb:71:in `tagged'
railties (5.2.1) lib/rails/rack/logger.rb:26:in `call'
sprockets-rails (3.2.1) lib/sprockets/rails/quiet_assets.rb:13:in `call'
actionpack (5.2.1) lib/action_dispatch/middleware/remote_ip.rb:81:in `call'
actionpack (5.2.1) lib/action_dispatch/middleware/request_id.rb:27:in `call'
rack (2.0.5) lib/rack/method_override.rb:22:in `call'
rack (2.0.5) lib/rack/runtime.rb:22:in `call'
activesupport (5.2.1) lib/active_support/cache/strategy/local_cache_middleware.rb:29:in `call'
actionpack (5.2.1) lib/action_dispatch/middleware/executor.rb:14:in `call'
actionpack (5.2.1) lib/action_dispatch/middleware/static.rb:127:in `call'
rack (2.0.5) lib/rack/sendfile.rb:111:in `call'
railties (5.2.1) lib/rails/engine.rb:524:in `call'
puma (3.12.0) lib/puma/configuration.rb:225:in `call'
puma (3.12.0) lib/puma/server.rb:658:in `handle_request'
puma (3.12.0) lib/puma/server.rb:472:in `process_client'
puma (3.12.0) lib/puma/server.rb:332:in `block in run'
puma (3.12.0) lib/puma/thread_pool.rb:133:in `block in spawn_thread'
  
ActionController::RoutingError (No route matches [GET] "/tasks/1"):
  
actionpack (5.2.1) lib/action_dispatch/middleware/debug_exceptions.rb:65:in `call'
web-console (3.7.0) lib/web_console/middleware.rb:135:in `call_app'
web-console (3.7.0) lib/web_console/middleware.rb:30:in `block in call'
web-console (3.7.0) lib/web_console/middleware.rb:20:in `catch'
web-console (3.7.0) lib/web_console/middleware.rb:20:in `call'
actionpack (5.2.1) lib/action_dispatch/middleware/show_exceptions.rb:33:in `call'
railties (5.2.1) lib/rails/rack/logger.rb:38:in `call_app'
railties (5.2.1) lib/rails/rack/logger.rb:26:in `block in call'
activesupport (5.2.1) lib/active_support/tagged_logging.rb:71:in `block in tagged'
activesupport (5.2.1) lib/active_support/tagged_logging.rb:28:in `tagged'
activesupport (5.2.1) lib/active_support/tagged_logging.rb:71:in `tagged'
railties (5.2.1) lib/rails/rack/logger.rb:26:in `call'
sprockets-rails (3.2.1) lib/sprockets/rails/quiet_assets.rb:13:in `call'
actionpack (5.2.1) lib/action_dispatch/middleware/remote_ip.rb:81:in `call'
actionpack (5.2.1) lib/action_dispatch/middleware/request_id.rb:27:in `call'
rack (2.0.5) lib/rack/method_override.rb:22:in `call'
rack (2.0.5) lib/rack/runtime.rb:22:in `call'
activesupport (5.2.1) lib/active_support/cache/strategy/local_cache_middleware.rb:29:in `call'
actionpack (5.2.1) lib/action_dispatch/middleware/executor.rb:14:in `call'
actionpack (5.2.1) lib/action_dispatch/middleware/static.rb:127:in `call'
rack (2.0.5) lib/rack/sendfile.rb:111:in `call'
railties (5.2.1) lib/rails/engine.rb:524:in `call'
puma (3.12.0) lib/puma/configuration.rb:225:in `call'
puma (3.12.0) lib/puma/server.rb:658:in `handle_request'
puma (3.12.0) lib/puma/server.rb:472:in `process_client'
puma (3.12.0) lib/puma/server.rb:332:in `block in run'
puma (3.12.0) lib/puma/thread_pool.rb:133:in `block in spawn_thread'
Started GET "/tasks/1" for 127.0.0.1 at 2018-09-17 16:29:09 -0700
Processing by TasksController#show as HTML
  Parameters: {"id"=>"1"}
Completed 500 Internal Server Error in 7ms (ActiveRecord: 0.0ms)



NameError - uninitialized constant TasksController::Tasks:
  app/controllers/tasks_controller.rb:14:in `show'

Started POST "/__better_errors/7fc9f9b17ec26087/variables" for 127.0.0.1 at 2018-09-17 16:29:09 -0700
Started GET "/tasks/1" for 127.0.0.1 at 2018-09-17 16:29:43 -0700
Processing by TasksController#show as HTML
  Parameters: {"id"=>"1"}
Completed 500 Internal Server Error in 2ms (ActiveRecord: 0.0ms)



NoMethodError - undefined method `[]' for nil:NilClass:
  app/controllers/tasks_controller.rb:14:in `show'

Started POST "/__better_errors/49c25f05d0ad44a8/variables" for 127.0.0.1 at 2018-09-17 16:29:44 -0700
Started GET "/tasks/1" for 127.0.0.1 at 2018-09-17 16:31:47 -0700
Processing by TasksController#show as HTML
  Parameters: {"id"=>"1"}
Completed 500 Internal Server Error in 1ms (ActiveRecord: 0.0ms)



TypeError - no implicit conversion of String into Integer:
  app/controllers/tasks_controller.rb:14:in `show'

Started POST "/__better_errors/76f2ce9c51f1c317/variables" for 127.0.0.1 at 2018-09-17 16:31:47 -0700
Started GET "/tasks/1" for 127.0.0.1 at 2018-09-17 16:32:05 -0700
Processing by TasksController#show as HTML
  Parameters: {"id"=>"1"}
Completed 406 Not Acceptable in 109ms (ActiveRecord: 0.0ms)



ActionController::UnknownFormat - TasksController#show is missing a template for this request format and variant.

request.formats: ["text/html"]
request.variant: []

NOTE! For XHR/Ajax or API requests, this action would normally respond with 204 No Content: an empty white screen. Since you're loading it in a web browser, we assume that you expected to actually render a template, not nothing, so we're showing an error to be extra-clear. If you expect 204 No Content, carry on. That's what you'll get from an XHR or API request. Give it a shot.:

Started POST "/__better_errors/bf1322223704c833/variables" for 127.0.0.1 at 2018-09-17 16:32:06 -0700
Started GET "/tasks/1" for 127.0.0.1 at 2018-09-17 16:35:31 -0700
Processing by TasksController#show as HTML
  Parameters: {"id"=>"1"}
Completed 406 Not Acceptable in 97ms (ActiveRecord: 0.0ms)



ActionController::UnknownFormat - TasksController#show is missing a template for this request format and variant.

request.formats: ["text/html"]
request.variant: []

NOTE! For XHR/Ajax or API requests, this action would normally respond with 204 No Content: an empty white screen. Since you're loading it in a web browser, we assume that you expected to actually render a template, not nothing, so we're showing an error to be extra-clear. If you expect 204 No Content, carry on. That's what you'll get from an XHR or API request. Give it a shot.:

Started POST "/__better_errors/41cf0af91a715e2a/variables" for 127.0.0.1 at 2018-09-17 16:35:31 -0700
Started GET "/tasks/1" for 127.0.0.1 at 2018-09-17 16:39:48 -0700
Processing by TasksController#show as HTML
  Parameters: {"id"=>"1"}
Completed 406 Not Acceptable in 102ms (ActiveRecord: 0.0ms)



ActionController::UnknownFormat - TasksController#show is missing a template for this request format and variant.

request.formats: ["text/html"]
request.variant: []

NOTE! For XHR/Ajax or API requests, this action would normally respond with 204 No Content: an empty white screen. Since you're loading it in a web browser, we assume that you expected to actually render a template, not nothing, so we're showing an error to be extra-clear. If you expect 204 No Content, carry on. That's what you'll get from an XHR or API request. Give it a shot.:

Started POST "/__better_errors/607e48959f726546/variables" for 127.0.0.1 at 2018-09-17 16:39:48 -0700
Started GET "/tasks/1" for 127.0.0.1 at 2018-09-17 16:40:56 -0700
Processing by TasksController#show as HTML
  Parameters: {"id"=>"1"}
Completed 406 Not Acceptable in 98ms (ActiveRecord: 0.0ms)



ActionController::UnknownFormat - TasksController#show is missing a template for this request format and variant.

request.formats: ["text/html"]
request.variant: []

NOTE! For XHR/Ajax or API requests, this action would normally respond with 204 No Content: an empty white screen. Since you're loading it in a web browser, we assume that you expected to actually render a template, not nothing, so we're showing an error to be extra-clear. If you expect 204 No Content, carry on. That's what you'll get from an XHR or API request. Give it a shot.:

Started POST "/__better_errors/a45e7a10f9f9d185/variables" for 127.0.0.1 at 2018-09-17 16:40:56 -0700
Started GET "/tasks/1" for 127.0.0.1 at 2018-09-17 16:44:36 -0700
Processing by TasksController#show as HTML
  Parameters: {"id"=>"1"}
  Rendering tasks/show.html.erb within layouts/application
  Rendered tasks/show.html.erb within layouts/application (282.6ms)
Completed 500 Internal Server Error in 295ms (ActiveRecord: 0.0ms)



NameError - undefined local variable or method `task' for #<#<Class:0x00007f8a999f53a0>:0x00007f8a999ef9c8>
Did you mean?  @task:
  app/views/tasks/show.html.erb:4:in `_app_views_tasks_show_html_erb___855477590963128576_70116629786060'

Started POST "/__better_errors/7d4052fd89201f53/variables" for 127.0.0.1 at 2018-09-17 16:44:37 -0700
Started GET "/tasks/1" for 127.0.0.1 at 2018-09-17 16:45:06 -0700
Processing by TasksController#show as HTML
  Parameters: {"id"=>"1"}
  Rendering tasks/show.html.erb within layouts/application
  Rendered tasks/show.html.erb within layouts/application (0.4ms)
Completed 200 OK in 93ms (Views: 89.6ms | ActiveRecord: 0.0ms)


Started GET "/tasks/1" for 127.0.0.1 at 2018-09-17 16:45:14 -0700
Processing by TasksController#show as HTML
  Parameters: {"id"=>"1"}
  Rendering tasks/show.html.erb within layouts/application
  Rendered tasks/show.html.erb within layouts/application (0.6ms)
Completed 200 OK in 31ms (Views: 28.7ms | ActiveRecord: 0.0ms)


Started GET "/tasks/88" for 127.0.0.1 at 2018-09-17 16:45:27 -0700
Processing by TasksController#show as HTML
  Parameters: {"id"=>"88"}
Completed 404 Not Found in 1ms (ActiveRecord: 0.0ms)


Started GET "/tasks/2" for 127.0.0.1 at 2018-09-17 16:50:58 -0700
Processing by TasksController#show as HTML
  Parameters: {"id"=>"2"}
  Rendering tasks/show.html.erb within layouts/application
  Rendered tasks/show.html.erb within layouts/application (2.2ms)
Completed 200 OK in 145ms (Views: 136.7ms | ActiveRecord: 0.0ms)


Started GET "/tasks/" for 127.0.0.1 at 2018-09-17 16:52:12 -0700
Processing by TasksController#index as HTML
  Rendering tasks/index.html.erb within layouts/application
  Rendered tasks/index.html.erb within layouts/application (0.9ms)
Completed 200 OK in 104ms (Views: 101.8ms | ActiveRecord: 0.0ms)


Started GET "/tasks/" for 127.0.0.1 at 2018-09-17 16:53:48 -0700
Processing by TasksController#index as HTML
  Rendering tasks/index.html.erb within layouts/application
  Rendered tasks/index.html.erb within layouts/application (0.8ms)
Completed 200 OK in 113ms (Views: 109.3ms | ActiveRecord: 0.0ms)


Started GET "/tasks/" for 127.0.0.1 at 2018-09-17 16:55:20 -0700
Processing by TasksController#index as HTML
  Rendering tasks/index.html.erb within layouts/application
  Rendered tasks/index.html.erb within layouts/application (0.6ms)
Completed 200 OK in 148ms (Views: 144.3ms | ActiveRecord: 0.0ms)


Started GET "/tasks/" for 127.0.0.1 at 2018-09-17 16:55:40 -0700
Processing by TasksController#index as HTML
  Rendering tasks/index.html.erb within layouts/application
  Rendered tasks/index.html.erb within layouts/application (0.8ms)
Completed 200 OK in 79ms (Views: 76.4ms | ActiveRecord: 0.0ms)


Started GET "/tasks/" for 127.0.0.1 at 2018-09-17 16:56:09 -0700
Processing by TasksController#index as HTML
  Rendering tasks/index.html.erb within layouts/application
  Rendered tasks/index.html.erb within layouts/application (0.6ms)
Completed 200 OK in 109ms (Views: 106.3ms | ActiveRecord: 0.0ms)


Started GET "/tasks/" for 127.0.0.1 at 2018-09-17 16:56:25 -0700
Processing by TasksController#index as HTML
  Rendering tasks/index.html.erb within layouts/application
  Rendered tasks/index.html.erb within layouts/application (0.9ms)
Completed 200 OK in 109ms (Views: 106.1ms | ActiveRecord: 0.0ms)


Started GET "/tasks/" for 127.0.0.1 at 2018-09-17 16:56:35 -0700
Processing by TasksController#index as HTML
  Rendering tasks/index.html.erb within layouts/application
  Rendered tasks/index.html.erb within layouts/application (1.4ms)
Completed 200 OK in 72ms (Views: 69.1ms | ActiveRecord: 0.0ms)


Started GET "/tasks/" for 127.0.0.1 at 2018-09-17 16:56:41 -0700
Processing by TasksController#index as HTML
  Rendering tasks/index.html.erb within layouts/application
  Rendered tasks/index.html.erb within layouts/application (0.8ms)
Completed 200 OK in 72ms (Views: 69.2ms | ActiveRecord: 0.0ms)


Started GET "/tasks/" for 127.0.0.1 at 2018-09-17 16:56:49 -0700
Processing by TasksController#index as HTML
  Rendering tasks/index.html.erb within layouts/application
  Rendered tasks/index.html.erb within layouts/application (0.5ms)
Completed 200 OK in 61ms (Views: 57.9ms | ActiveRecord: 0.0ms)


Started GET "/tasks/" for 127.0.0.1 at 2018-09-17 16:57:00 -0700
Processing by TasksController#index as HTML
  Rendering tasks/index.html.erb within layouts/application
  Rendered tasks/index.html.erb within layouts/application (0.5ms)
Completed 200 OK in 63ms (Views: 59.0ms | ActiveRecord: 0.0ms)


Started GET "/tasks/" for 127.0.0.1 at 2018-09-17 16:57:10 -0700
Processing by TasksController#index as HTML
  Rendering tasks/index.html.erb within layouts/application
  Rendered tasks/index.html.erb within layouts/application (1.1ms)
Completed 200 OK in 80ms (Views: 77.3ms | ActiveRecord: 0.0ms)


Started GET "/tasks/" for 127.0.0.1 at 2018-09-17 16:57:20 -0700
Processing by TasksController#index as HTML
  Rendering tasks/index.html.erb within layouts/application
  Rendered tasks/index.html.erb within layouts/application (0.8ms)
Completed 200 OK in 76ms (Views: 72.3ms | ActiveRecord: 0.0ms)


Started GET "/tasks/" for 127.0.0.1 at 2018-09-17 16:57:27 -0700
Processing by TasksController#index as HTML
  Rendering tasks/index.html.erb within layouts/application
  Rendered tasks/index.html.erb within layouts/application (0.5ms)
Completed 200 OK in 68ms (Views: 65.7ms | ActiveRecord: 0.0ms)


Started GET "/tasks/" for 127.0.0.1 at 2018-09-17 16:57:34 -0700
Processing by TasksController#index as HTML
  Rendering tasks/index.html.erb within layouts/application
  Rendered tasks/index.html.erb within layouts/application (0.6ms)
Completed 200 OK in 76ms (Views: 73.2ms | ActiveRecord: 0.0ms)


Started GET "/tasks/" for 127.0.0.1 at 2018-09-17 16:57:42 -0700
Processing by TasksController#index as HTML
  Rendering tasks/index.html.erb within layouts/application
  Rendered tasks/index.html.erb within layouts/application (0.5ms)
Completed 200 OK in 59ms (Views: 57.2ms | ActiveRecord: 0.0ms)


Started GET "/tasks/" for 127.0.0.1 at 2018-09-17 16:58:04 -0700
Processing by TasksController#index as HTML
  Rendering tasks/index.html.erb within layouts/application
  Rendered tasks/index.html.erb within layouts/application (0.8ms)
Completed 200 OK in 84ms (Views: 80.5ms | ActiveRecord: 0.0ms)


Started GET "/tasks/" for 127.0.0.1 at 2018-09-17 16:58:17 -0700
Processing by TasksController#index as HTML
  Rendering tasks/index.html.erb within layouts/application
  Rendered tasks/index.html.erb within layouts/application (0.7ms)
Completed 200 OK in 134ms (Views: 126.3ms | ActiveRecord: 0.0ms)


Started GET "/tasks/" for 127.0.0.1 at 2018-09-17 16:58:51 -0700
Processing by TasksController#index as HTML
  Rendering tasks/index.html.erb within layouts/application
  Rendered tasks/index.html.erb within layouts/application (0.8ms)
Completed 200 OK in 106ms (Views: 103.8ms | ActiveRecord: 0.0ms)


Started GET "/tasks/" for 127.0.0.1 at 2018-09-17 16:58:57 -0700
Processing by TasksController#index as HTML
  Rendering tasks/index.html.erb within layouts/application
  Rendered tasks/index.html.erb within layouts/application (0.7ms)
Completed 200 OK in 75ms (Views: 71.0ms | ActiveRecord: 0.0ms)


Started GET "/tasks/" for 127.0.0.1 at 2018-09-17 16:59:03 -0700
Processing by TasksController#index as HTML
  Rendering tasks/index.html.erb within layouts/application
  Rendered tasks/index.html.erb within layouts/application (1.4ms)
Completed 200 OK in 91ms (Views: 88.9ms | ActiveRecord: 0.0ms)


Started GET "/tasks/" for 127.0.0.1 at 2018-09-17 16:59:10 -0700
Processing by TasksController#index as HTML
  Rendering tasks/index.html.erb within layouts/application
  Rendered tasks/index.html.erb within layouts/application (0.5ms)
Completed 200 OK in 57ms (Views: 54.2ms | ActiveRecord: 0.0ms)


Started GET "/tasks/" for 127.0.0.1 at 2018-09-17 16:59:23 -0700
Processing by TasksController#index as HTML
  Rendering tasks/index.html.erb within layouts/application
  Rendered tasks/index.html.erb within layouts/application (0.6ms)
Completed 200 OK in 87ms (Views: 85.1ms | ActiveRecord: 0.0ms)


Started GET "/tasks/" for 127.0.0.1 at 2018-09-17 16:59:42 -0700
Processing by TasksController#index as HTML
  Rendering tasks/index.html.erb within layouts/application
  Rendered tasks/index.html.erb within layouts/application (0.8ms)
Completed 200 OK in 67ms (Views: 64.4ms | ActiveRecord: 0.0ms)


Started GET "/tasks/" for 127.0.0.1 at 2018-09-17 16:59:48 -0700
Processing by TasksController#index as HTML
  Rendering tasks/index.html.erb within layouts/application
  Rendered tasks/index.html.erb within layouts/application (0.7ms)
Completed 200 OK in 74ms (Views: 71.2ms | ActiveRecord: 0.0ms)


Started GET "/tasks/" for 127.0.0.1 at 2018-09-17 17:00:28 -0700
Processing by TasksController#index as HTML
  Rendering tasks/index.html.erb within layouts/application
  Rendered tasks/index.html.erb within layouts/application (0.6ms)
Completed 200 OK in 82ms (Views: 79.2ms | ActiveRecord: 0.0ms)


Started GET "/tasks/" for 127.0.0.1 at 2018-09-17 17:00:38 -0700
Processing by TasksController#index as HTML
  Rendering tasks/index.html.erb within layouts/application
  Rendered tasks/index.html.erb within layouts/application (0.9ms)
Completed 200 OK in 85ms (Views: 78.6ms | ActiveRecord: 0.0ms)


Started GET "/tasks/" for 127.0.0.1 at 2018-09-17 17:01:16 -0700
Processing by TasksController#index as HTML
  Rendering tasks/index.html.erb within layouts/application
  Rendered tasks/index.html.erb within layouts/application (0.7ms)
Completed 200 OK in 54ms (Views: 51.3ms | ActiveRecord: 0.0ms)


Started GET "/tasks/" for 127.0.0.1 at 2018-09-17 17:01:49 -0700
Processing by TasksController#index as HTML
  Rendering tasks/index.html.erb within layouts/application
  Rendered tasks/index.html.erb within layouts/application (0.7ms)
Completed 200 OK in 64ms (Views: 61.6ms | ActiveRecord: 0.0ms)


Started GET "/tasks/" for 127.0.0.1 at 2018-09-17 17:02:23 -0700
Processing by TasksController#index as HTML
  Rendering tasks/index.html.erb within layouts/application
  Rendered tasks/index.html.erb within layouts/application (1.0ms)
Completed 200 OK in 81ms (Views: 77.5ms | ActiveRecord: 0.0ms)


Started GET "/tasks/" for 127.0.0.1 at 2018-09-17 17:03:48 -0700
Processing by TasksController#index as HTML
  Rendering tasks/index.html.erb within layouts/application
  Rendered tasks/index.html.erb within layouts/application (0.6ms)
Completed 200 OK in 75ms (Views: 73.1ms | ActiveRecord: 0.0ms)


Started GET "/tasks/" for 127.0.0.1 at 2018-09-17 17:04:47 -0700
Processing by TasksController#index as HTML
  Rendering tasks/index.html.erb within layouts/application
  Rendered tasks/index.html.erb within layouts/application (0.6ms)
Completed 200 OK in 112ms (Views: 110.0ms | ActiveRecord: 0.0ms)


Started GET "/tasks/" for 127.0.0.1 at 2018-09-17 17:05:05 -0700
Processing by TasksController#index as HTML
  Rendering tasks/index.html.erb within layouts/application
  Rendered tasks/index.html.erb within layouts/application (0.8ms)
Completed 200 OK in 64ms (Views: 60.9ms | ActiveRecord: 0.0ms)


Started GET "/tasks/" for 127.0.0.1 at 2018-09-17 17:05:21 -0700
Processing by TasksController#index as HTML
  Rendering tasks/index.html.erb within layouts/application
  Rendered tasks/index.html.erb within layouts/application (0.5ms)
Completed 200 OK in 132ms (Views: 127.8ms | ActiveRecord: 0.0ms)


Started GET "/tasks/" for 127.0.0.1 at 2018-09-17 17:05:35 -0700
Processing by TasksController#index as HTML
  Rendering tasks/index.html.erb within layouts/application
  Rendered tasks/index.html.erb within layouts/application (0.6ms)
Completed 200 OK in 77ms (Views: 74.4ms | ActiveRecord: 0.0ms)


Started GET "/" for 127.0.0.1 at 2018-09-18 14:02:53 -0700
Processing by Rails::WelcomeController#index as HTML
  Rendering /Users/cassandraarchibald/.rvm/rubies/ruby-2.5.1/lib/ruby/gems/2.5.0/gems/railties-5.2.1/lib/rails/templates/rails/welcome/index.html.erb
  Rendered /Users/cassandraarchibald/.rvm/rubies/ruby-2.5.1/lib/ruby/gems/2.5.0/gems/railties-5.2.1/lib/rails/templates/rails/welcome/index.html.erb (11.2ms)
Completed 200 OK in 52ms (Views: 35.0ms | ActiveRecord: 0.0ms)


Started GET "/tasks" for 127.0.0.1 at 2018-09-18 14:03:02 -0700
Processing by TasksController#index as HTML
  Rendering tasks/index.html.erb within layouts/application
  Rendered tasks/index.html.erb within layouts/application (1.4ms)
Completed 200 OK in 534ms (Views: 530.1ms | ActiveRecord: 0.0ms)


Started GET "/tasks" for 127.0.0.1 at 2018-09-18 14:09:56 -0700

ActiveRecord::PendingMigrationError - Migrations are pending. To resolve this issue, run:

        bin/rails db:migrate RAILS_ENV=development

:

Started POST "/__better_errors/d0a013e5b387a6b2/variables" for 127.0.0.1 at 2018-09-18 14:09:57 -0700
  [1m[35m (103.0ms)[0m  [1m[35mCREATE TABLE "schema_migrations" ("version" character varying NOT NULL PRIMARY KEY)[0m
  ↳ /Users/cassandraarchibald/.rvm/gems/ruby-2.5.1@TaskListRails/gems/rake-12.3.1/lib/rake/task.rb:271
  [1m[35m (64.4ms)[0m  [1m[35mCREATE TABLE "ar_internal_metadata" ("key" character varying NOT NULL PRIMARY KEY, "value" character varying, "created_at" timestamp NOT NULL, "updated_at" timestamp NOT NULL)[0m
  ↳ /Users/cassandraarchibald/.rvm/gems/ruby-2.5.1@TaskListRails/gems/rake-12.3.1/lib/rake/task.rb:271
  [1m[35m (0.2ms)[0m  [1m[34mSELECT pg_try_advisory_lock(4169262226251541860)[0m
  ↳ /Users/cassandraarchibald/.rvm/gems/ruby-2.5.1@TaskListRails/gems/rake-12.3.1/lib/rake/task.rb:271
  [1m[35m (2.4ms)[0m  [1m[34mSELECT "schema_migrations"."version" FROM "schema_migrations" ORDER BY "schema_migrations"."version" ASC[0m
  ↳ /Users/cassandraarchibald/.rvm/gems/ruby-2.5.1@TaskListRails/gems/rake-12.3.1/lib/rake/task.rb:271
Migrating to CreateTasks (20180918210745)
  [1m[35m (0.3ms)[0m  [1m[35mBEGIN[0m
  ↳ /Users/cassandraarchibald/.rvm/gems/ruby-2.5.1@TaskListRails/gems/rake-12.3.1/lib/rake/task.rb:271
  [1m[35m (31.0ms)[0m  [1m[35mCREATE TABLE "tasks" ("id" bigserial primary key, "name" character varying, "description" character varying, "completion" character varying, "date" date, "created_at" timestamp NOT NULL, "updated_at" timestamp NOT NULL)[0m
  ↳ db/migrate/20180918210745_create_tasks.rb:3
  [1m[36mActiveRecord::SchemaMigration Create (0.9ms)[0m  [1m[32mINSERT INTO "schema_migrations" ("version") VALUES ($1) RETURNING "version"[0m  [["version", "20180918210745"]]
  ↳ /Users/cassandraarchibald/.rvm/gems/ruby-2.5.1@TaskListRails/gems/rake-12.3.1/lib/rake/task.rb:271
  [1m[35m (1.4ms)[0m  [1m[35mCOMMIT[0m
  ↳ /Users/cassandraarchibald/.rvm/gems/ruby-2.5.1@TaskListRails/gems/rake-12.3.1/lib/rake/task.rb:271
  [1m[36mActiveRecord::InternalMetadata Load (0.4ms)[0m  [1m[34mSELECT  "ar_internal_metadata".* FROM "ar_internal_metadata" WHERE "ar_internal_metadata"."key" = $1 LIMIT $2[0m  [["key", "environment"], ["LIMIT", 1]]
  ↳ /Users/cassandraarchibald/.rvm/gems/ruby-2.5.1@TaskListRails/gems/rake-12.3.1/lib/rake/task.rb:271
  [1m[35m (0.2ms)[0m  [1m[35mBEGIN[0m
  ↳ /Users/cassandraarchibald/.rvm/gems/ruby-2.5.1@TaskListRails/gems/rake-12.3.1/lib/rake/task.rb:271
  [1m[36mActiveRecord::InternalMetadata Create (0.6ms)[0m  [1m[32mINSERT INTO "ar_internal_metadata" ("key", "value", "created_at", "updated_at") VALUES ($1, $2, $3, $4) RETURNING "key"[0m  [["key", "environment"], ["value", "development"], ["created_at", "2018-09-18 21:10:44.397251"], ["updated_at", "2018-09-18 21:10:44.397251"]]
  ↳ /Users/cassandraarchibald/.rvm/gems/ruby-2.5.1@TaskListRails/gems/rake-12.3.1/lib/rake/task.rb:271
  [1m[35m (6.4ms)[0m  [1m[35mCOMMIT[0m
  ↳ /Users/cassandraarchibald/.rvm/gems/ruby-2.5.1@TaskListRails/gems/rake-12.3.1/lib/rake/task.rb:271
  [1m[35m (0.5ms)[0m  [1m[34mSELECT pg_advisory_unlock(4169262226251541860)[0m
  ↳ /Users/cassandraarchibald/.rvm/gems/ruby-2.5.1@TaskListRails/gems/rake-12.3.1/lib/rake/task.rb:271
  [1m[35m (0.3ms)[0m  [1m[34mSELECT "schema_migrations"."version" FROM "schema_migrations" ORDER BY "schema_migrations"."version" ASC[0m
  ↳ /Users/cassandraarchibald/.rvm/gems/ruby-2.5.1@TaskListRails/gems/rake-12.3.1/lib/rake/task.rb:271
  [1m[35m (0.9ms)[0m  [1m[34mSELECT "schema_migrations"."version" FROM "schema_migrations" ORDER BY "schema_migrations"."version" ASC[0m
  ↳ /Users/cassandraarchibald/.rvm/gems/ruby-2.5.1@TaskListRails/gems/rake-12.3.1/lib/rake/task.rb:271
Started GET "/tasks" for 127.0.0.1 at 2018-09-18 14:10:55 -0700
  [1m[35m (1.8ms)[0m  [1m[34mSELECT "schema_migrations"."version" FROM "schema_migrations" ORDER BY "schema_migrations"."version" ASC[0m
  ↳ /Users/cassandraarchibald/.rvm/gems/ruby-2.5.1@TaskListRails/gems/better_errors-2.5.0/lib/better_errors/middleware.rb:84
Processing by TasksController#index as HTML
  Rendering tasks/index.html.erb within layouts/application
  Rendered tasks/index.html.erb within layouts/application (0.6ms)
Completed 200 OK in 34ms (Views: 31.7ms | ActiveRecord: 0.0ms)


  [1m[35m (49.4ms)[0m  [1m[34mSELECT "schema_migrations"."version" FROM "schema_migrations" ORDER BY "schema_migrations"."version" ASC[0m
  ↳ /Users/cassandraarchibald/.rvm/gems/ruby-2.5.1@TaskListRails/gems/rake-12.3.1/lib/rake/task.rb:271
  [1m[35m (1.8ms)[0m  [1m[34mSELECT "ar_internal_metadata"."value" FROM "ar_internal_metadata" WHERE "ar_internal_metadata"."key" = $1[0m  [["key", "environment"]]
  ↳ /Users/cassandraarchibald/.rvm/gems/ruby-2.5.1@TaskListRails/gems/rake-12.3.1/lib/rake/task.rb:271
  [1m[35m (0.4ms)[0m  [1m[34mSELECT "schema_migrations"."version" FROM "schema_migrations" ORDER BY "schema_migrations"."version" ASC[0m
  ↳ /Users/cassandraarchibald/.rvm/gems/ruby-2.5.1@TaskListRails/gems/rake-12.3.1/lib/rake/task.rb:271
  [1m[35m (0.2ms)[0m  [1m[34mSELECT "ar_internal_metadata"."value" FROM "ar_internal_metadata" WHERE "ar_internal_metadata"."key" = $1[0m  [["key", "environment"]]
  ↳ /Users/cassandraarchibald/.rvm/gems/ruby-2.5.1@TaskListRails/gems/rake-12.3.1/lib/rake/task.rb:271
  [1m[35m (0.2ms)[0m  [1m[34mSELECT "schema_migrations"."version" FROM "schema_migrations" ORDER BY "schema_migrations"."version" ASC[0m
  ↳ /Users/cassandraarchibald/.rvm/gems/ruby-2.5.1@TaskListRails/gems/rake-12.3.1/lib/rake/task.rb:271
  [1m[35m (0.5ms)[0m  [1m[34mSELECT "ar_internal_metadata"."value" FROM "ar_internal_metadata" WHERE "ar_internal_metadata"."key" = $1[0m  [["key", "environment"]]
  ↳ /Users/cassandraarchibald/.rvm/gems/ruby-2.5.1@TaskListRails/gems/rake-12.3.1/lib/rake/task.rb:271
  [1m[35m (7815.5ms)[0m  [1m[35mDROP DATABASE IF EXISTS "TaskList_development"[0m
  ↳ /Users/cassandraarchibald/.rvm/gems/ruby-2.5.1@TaskListRails/gems/rake-12.3.1/lib/rake/task.rb:271
  [1m[35m (0.8ms)[0m  [1m[34mSELECT "schema_migrations"."version" FROM "schema_migrations" ORDER BY "schema_migrations"."version" ASC[0m
  ↳ /Users/cassandraarchibald/.rvm/gems/ruby-2.5.1@TaskListRails/gems/rake-12.3.1/lib/rake/task.rb:271
  [1m[35m (0.4ms)[0m  [1m[34mSELECT "ar_internal_metadata"."value" FROM "ar_internal_metadata" WHERE "ar_internal_metadata"."key" = $1[0m  [["key", "environment"]]
  ↳ /Users/cassandraarchibald/.rvm/gems/ruby-2.5.1@TaskListRails/gems/rake-12.3.1/lib/rake/task.rb:271
  [1m[35m (0.5ms)[0m  [1m[34mSELECT "schema_migrations"."version" FROM "schema_migrations" ORDER BY "schema_migrations"."version" ASC[0m
  ↳ /Users/cassandraarchibald/.rvm/gems/ruby-2.5.1@TaskListRails/gems/rake-12.3.1/lib/rake/task.rb:271
  [1m[35m (0.3ms)[0m  [1m[34mSELECT "ar_internal_metadata"."value" FROM "ar_internal_metadata" WHERE "ar_internal_metadata"."key" = $1[0m  [["key", "environment"]]
  ↳ /Users/cassandraarchibald/.rvm/gems/ruby-2.5.1@TaskListRails/gems/rake-12.3.1/lib/rake/task.rb:271
  [1m[35m (0.8ms)[0m  [1m[34mSELECT "schema_migrations"."version" FROM "schema_migrations" ORDER BY "schema_migrations"."version" ASC[0m
  ↳ /Users/cassandraarchibald/.rvm/gems/ruby-2.5.1@TaskListRails/gems/rake-12.3.1/lib/rake/task.rb:271
  [1m[35m (0.3ms)[0m  [1m[34mSELECT "ar_internal_metadata"."value" FROM "ar_internal_metadata" WHERE "ar_internal_metadata"."key" = $1[0m  [["key", "environment"]]
  ↳ /Users/cassandraarchibald/.rvm/gems/ruby-2.5.1@TaskListRails/gems/rake-12.3.1/lib/rake/task.rb:271
  [1m[35m (219.1ms)[0m  [1m[35mDROP DATABASE IF EXISTS "TaskList_development"[0m
  ↳ /Users/cassandraarchibald/.rvm/gems/ruby-2.5.1@TaskListRails/gems/rake-12.3.1/lib/rake/task.rb:271
  [1m[35m (239.3ms)[0m  [1m[35mDROP DATABASE IF EXISTS "TaskList_test"[0m
  ↳ /Users/cassandraarchibald/.rvm/gems/ruby-2.5.1@TaskListRails/gems/rake-12.3.1/lib/rake/task.rb:271
  [1m[35m (564.5ms)[0m  [1m[35mCREATE DATABASE "TaskList_development" ENCODING = 'unicode'[0m
  ↳ /Users/cassandraarchibald/.rvm/gems/ruby-2.5.1@TaskListRails/gems/rake-12.3.1/lib/rake/task.rb:271
  [1m[35m (510.7ms)[0m  [1m[35mCREATE DATABASE "TaskList_test" ENCODING = 'unicode'[0m
  ↳ /Users/cassandraarchibald/.rvm/gems/ruby-2.5.1@TaskListRails/gems/rake-12.3.1/lib/rake/task.rb:271
  [1m[35mSQL (2.4ms)[0m  [1m[35mCREATE EXTENSION IF NOT EXISTS "plpgsql"[0m
  ↳ db/schema.rb:16
  [1m[35m (0.5ms)[0m  [1m[35mDROP TABLE IF EXISTS "tasks" CASCADE[0m
  ↳ db/schema.rb:18
  [1m[35m (11.7ms)[0m  [1m[35mCREATE TABLE "tasks" ("id" bigserial primary key, "name" character varying, "description" character varying, "completion" character varying, "date" date, "created_at" timestamp NOT NULL, "updated_at" timestamp NOT NULL)[0m
  ↳ db/schema.rb:18
  [1m[35m (5.7ms)[0m  [1m[35mCREATE TABLE "schema_migrations" ("version" character varying NOT NULL PRIMARY KEY)[0m
  ↳ db/schema.rb:13
  [1m[35m (0.5ms)[0m  [1m[34mSELECT "schema_migrations"."version" FROM "schema_migrations" ORDER BY "schema_migrations"."version" ASC[0m
  ↳ db/schema.rb:13
  [1m[35m (1.5ms)[0m  [1m[32mINSERT INTO "schema_migrations" (version) VALUES (20180918210745)[0m
  ↳ db/schema.rb:13
  [1m[35m (5.0ms)[0m  [1m[35mCREATE TABLE "ar_internal_metadata" ("key" character varying NOT NULL PRIMARY KEY, "value" character varying, "created_at" timestamp NOT NULL, "updated_at" timestamp NOT NULL)[0m
  ↳ db/schema.rb:13
  [1m[36mActiveRecord::InternalMetadata Load (0.5ms)[0m  [1m[34mSELECT  "ar_internal_metadata".* FROM "ar_internal_metadata" WHERE "ar_internal_metadata"."key" = $1 LIMIT $2[0m  [["key", "environment"], ["LIMIT", 1]]
  ↳ db/schema.rb:13
  [1m[35m (0.2ms)[0m  [1m[35mBEGIN[0m
  ↳ db/schema.rb:13
  [1m[36mActiveRecord::InternalMetadata Create (0.5ms)[0m  [1m[32mINSERT INTO "ar_internal_metadata" ("key", "value", "created_at", "updated_at") VALUES ($1, $2, $3, $4) RETURNING "key"[0m  [["key", "environment"], ["value", "development"], ["created_at", "2018-09-18 21:14:10.884099"], ["updated_at", "2018-09-18 21:14:10.884099"]]
  ↳ db/schema.rb:13
  [1m[35m (1.1ms)[0m  [1m[35mCOMMIT[0m
  ↳ db/schema.rb:13
  [1m[36mActiveRecord::InternalMetadata Load (0.3ms)[0m  [1m[34mSELECT  "ar_internal_metadata".* FROM "ar_internal_metadata" WHERE "ar_internal_metadata"."key" = $1 LIMIT $2[0m  [["key", "environment"], ["LIMIT", 1]]
  ↳ /Users/cassandraarchibald/.rvm/gems/ruby-2.5.1@TaskListRails/gems/rake-12.3.1/lib/rake/task.rb:271
  [1m[35m (0.2ms)[0m  [1m[35mBEGIN[0m
  ↳ /Users/cassandraarchibald/.rvm/gems/ruby-2.5.1@TaskListRails/gems/rake-12.3.1/lib/rake/task.rb:271
  [1m[35m (0.8ms)[0m  [1m[35mCOMMIT[0m
  ↳ /Users/cassandraarchibald/.rvm/gems/ruby-2.5.1@TaskListRails/gems/rake-12.3.1/lib/rake/task.rb:271
  [1m[35mSQL (0.6ms)[0m  [1m[35mCREATE EXTENSION IF NOT EXISTS "plpgsql"[0m
  ↳ db/schema.rb:16
  [1m[35m (0.2ms)[0m  [1m[35mDROP TABLE IF EXISTS "tasks" CASCADE[0m
  ↳ db/schema.rb:18
  [1m[35m (27.7ms)[0m  [1m[35mCREATE TABLE "tasks" ("id" bigserial primary key, "name" character varying, "description" character varying, "completion" character varying, "date" date, "created_at" timestamp NOT NULL, "updated_at" timestamp NOT NULL)[0m
  ↳ db/schema.rb:18
  [1m[35m (6.5ms)[0m  [1m[35mCREATE TABLE "schema_migrations" ("version" character varying NOT NULL PRIMARY KEY)[0m
  ↳ db/schema.rb:13
  [1m[35m (0.8ms)[0m  [1m[34mSELECT "schema_migrations"."version" FROM "schema_migrations" ORDER BY "schema_migrations"."version" ASC[0m
  ↳ db/schema.rb:13
  [1m[35m (1.7ms)[0m  [1m[32mINSERT INTO "schema_migrations" (version) VALUES (20180918210745)[0m
  ↳ db/schema.rb:13
  [1m[35m (4.3ms)[0m  [1m[35mCREATE TABLE "ar_internal_metadata" ("key" character varying NOT NULL PRIMARY KEY, "value" character varying, "created_at" timestamp NOT NULL, "updated_at" timestamp NOT NULL)[0m
  ↳ db/schema.rb:13
  [1m[36mActiveRecord::InternalMetadata Load (0.3ms)[0m  [1m[34mSELECT  "ar_internal_metadata".* FROM "ar_internal_metadata" WHERE "ar_internal_metadata"."key" = $1 LIMIT $2[0m  [["key", "environment"], ["LIMIT", 1]]
  ↳ db/schema.rb:13
  [1m[35m (0.1ms)[0m  [1m[35mBEGIN[0m
  ↳ db/schema.rb:13
  [1m[36mActiveRecord::InternalMetadata Create (0.5ms)[0m  [1m[32mINSERT INTO "ar_internal_metadata" ("key", "value", "created_at", "updated_at") VALUES ($1, $2, $3, $4) RETURNING "key"[0m  [["key", "environment"], ["value", "development"], ["created_at", "2018-09-18 21:14:11.008226"], ["updated_at", "2018-09-18 21:14:11.008226"]]
  ↳ db/schema.rb:13
  [1m[35m (1.2ms)[0m  [1m[35mCOMMIT[0m
  ↳ db/schema.rb:13
  [1m[36mActiveRecord::InternalMetadata Load (1.0ms)[0m  [1m[34mSELECT  "ar_internal_metadata".* FROM "ar_internal_metadata" WHERE "ar_internal_metadata"."key" = $1 LIMIT $2[0m  [["key", "environment"], ["LIMIT", 1]]
  ↳ /Users/cassandraarchibald/.rvm/gems/ruby-2.5.1@TaskListRails/gems/rake-12.3.1/lib/rake/task.rb:271
  [1m[35m (0.3ms)[0m  [1m[35mBEGIN[0m
  ↳ /Users/cassandraarchibald/.rvm/gems/ruby-2.5.1@TaskListRails/gems/rake-12.3.1/lib/rake/task.rb:271
  [1m[36mActiveRecord::InternalMetadata Update (0.9ms)[0m  [1m[33mUPDATE "ar_internal_metadata" SET "value" = $1, "updated_at" = $2 WHERE "ar_internal_metadata"."key" = $3[0m  [["value", "test"], ["updated_at", "2018-09-18 21:14:11.019116"], ["key", "environment"]]
  ↳ /Users/cassandraarchibald/.rvm/gems/ruby-2.5.1@TaskListRails/gems/rake-12.3.1/lib/rake/task.rb:271
  [1m[35m (1.3ms)[0m  [1m[35mCOMMIT[0m
  ↳ /Users/cassandraarchibald/.rvm/gems/ruby-2.5.1@TaskListRails/gems/rake-12.3.1/lib/rake/task.rb:271
  [1m[35m (0.9ms)[0m  [1m[34mSELECT "schema_migrations"."version" FROM "schema_migrations" ORDER BY "schema_migrations"."version" ASC[0m
  ↳ /Users/cassandraarchibald/.rvm/gems/ruby-2.5.1@TaskListRails/gems/rake-12.3.1/lib/rake/task.rb:271
  [1m[35m (2.2ms)[0m  [1m[34mSELECT "schema_migrations"."version" FROM "schema_migrations" ORDER BY "schema_migrations"."version" ASC[0m
  ↳ /Users/cassandraarchibald/.rvm/gems/ruby-2.5.1@TaskListRails/gems/rake-12.3.1/lib/rake/task.rb:271
  [1m[35m (0.4ms)[0m  [1m[34mSELECT pg_try_advisory_lock(4169262226251541860)[0m
  ↳ /Users/cassandraarchibald/.rvm/gems/ruby-2.5.1@TaskListRails/gems/rake-12.3.1/lib/rake/task.rb:271
  [1m[35m (2.2ms)[0m  [1m[34mSELECT "schema_migrations"."version" FROM "schema_migrations" ORDER BY "schema_migrations"."version" ASC[0m
  ↳ /Users/cassandraarchibald/.rvm/gems/ruby-2.5.1@TaskListRails/gems/rake-12.3.1/lib/rake/task.rb:271
Migrating to CreateTasks (20180918211507)
  [1m[35m (8.1ms)[0m  [1m[35mBEGIN[0m
  ↳ /Users/cassandraarchibald/.rvm/gems/ruby-2.5.1@TaskListRails/gems/rake-12.3.1/lib/rake/task.rb:271
  [1m[35m (49.2ms)[0m  [1m[35mCREATE TABLE "tasks" ("id" bigserial primary key, "name" character varying, "description" character varying, "completion_date" character varying, "created_at" timestamp NOT NULL, "updated_at" timestamp NOT NULL)[0m
  ↳ db/migrate/20180918211507_create_tasks.rb:3
  [1m[35m (0.2ms)[0m  [1m[31mROLLBACK[0m
  ↳ /Users/cassandraarchibald/.rvm/gems/ruby-2.5.1@TaskListRails/gems/rake-12.3.1/lib/rake/task.rb:271
  [1m[35m (0.4ms)[0m  [1m[34mSELECT pg_advisory_unlock(4169262226251541860)[0m
  ↳ /Users/cassandraarchibald/.rvm/gems/ruby-2.5.1@TaskListRails/gems/rake-12.3.1/lib/rake/task.rb:271
  [1m[35m (1.1ms)[0m  [1m[34mSELECT "schema_migrations"."version" FROM "schema_migrations" ORDER BY "schema_migrations"."version" ASC[0m
  ↳ /Users/cassandraarchibald/.rvm/gems/ruby-2.5.1@TaskListRails/gems/rake-12.3.1/lib/rake/task.rb:271
  [1m[35m (12.9ms)[0m  [1m[34mSELECT "ar_internal_metadata"."value" FROM "ar_internal_metadata" WHERE "ar_internal_metadata"."key" = $1[0m  [["key", "environment"]]
  ↳ /Users/cassandraarchibald/.rvm/gems/ruby-2.5.1@TaskListRails/gems/rake-12.3.1/lib/rake/task.rb:271
  [1m[35m (0.5ms)[0m  [1m[34mSELECT "schema_migrations"."version" FROM "schema_migrations" ORDER BY "schema_migrations"."version" ASC[0m
  ↳ /Users/cassandraarchibald/.rvm/gems/ruby-2.5.1@TaskListRails/gems/rake-12.3.1/lib/rake/task.rb:271
  [1m[35m (0.3ms)[0m  [1m[34mSELECT "ar_internal_metadata"."value" FROM "ar_internal_metadata" WHERE "ar_internal_metadata"."key" = $1[0m  [["key", "environment"]]
  ↳ /Users/cassandraarchibald/.rvm/gems/ruby-2.5.1@TaskListRails/gems/rake-12.3.1/lib/rake/task.rb:271
  [1m[35m (0.4ms)[0m  [1m[34mSELECT "schema_migrations"."version" FROM "schema_migrations" ORDER BY "schema_migrations"."version" ASC[0m
  ↳ /Users/cassandraarchibald/.rvm/gems/ruby-2.5.1@TaskListRails/gems/rake-12.3.1/lib/rake/task.rb:271
  [1m[35m (0.2ms)[0m  [1m[34mSELECT "ar_internal_metadata"."value" FROM "ar_internal_metadata" WHERE "ar_internal_metadata"."key" = $1[0m  [["key", "environment"]]
  ↳ /Users/cassandraarchibald/.rvm/gems/ruby-2.5.1@TaskListRails/gems/rake-12.3.1/lib/rake/task.rb:271
  [1m[35m (210.7ms)[0m  [1m[35mDROP DATABASE IF EXISTS "TaskList_development"[0m
  ↳ /Users/cassandraarchibald/.rvm/gems/ruby-2.5.1@TaskListRails/gems/rake-12.3.1/lib/rake/task.rb:271
  [1m[35m (211.4ms)[0m  [1m[35mDROP DATABASE IF EXISTS "TaskList_test"[0m
  ↳ /Users/cassandraarchibald/.rvm/gems/ruby-2.5.1@TaskListRails/gems/rake-12.3.1/lib/rake/task.rb:271
  [1m[35m (522.8ms)[0m  [1m[35mCREATE DATABASE "TaskList_development" ENCODING = 'unicode'[0m
  ↳ /Users/cassandraarchibald/.rvm/gems/ruby-2.5.1@TaskListRails/gems/rake-12.3.1/lib/rake/task.rb:271
  [1m[35m (479.9ms)[0m  [1m[35mCREATE DATABASE "TaskList_test" ENCODING = 'unicode'[0m
  ↳ /Users/cassandraarchibald/.rvm/gems/ruby-2.5.1@TaskListRails/gems/rake-12.3.1/lib/rake/task.rb:271
  [1m[35mSQL (0.3ms)[0m  [1m[35mCREATE EXTENSION IF NOT EXISTS "plpgsql"[0m
  ↳ db/schema.rb:16
  [1m[35m (0.2ms)[0m  [1m[35mDROP TABLE IF EXISTS "tasks" CASCADE[0m
  ↳ db/schema.rb:18
  [1m[35m (9.1ms)[0m  [1m[35mCREATE TABLE "tasks" ("id" bigserial primary key, "name" character varying, "description" character varying, "completion" character varying, "date" date, "created_at" timestamp NOT NULL, "updated_at" timestamp NOT NULL)[0m
  ↳ db/schema.rb:18
  [1m[35m (6.7ms)[0m  [1m[35mCREATE TABLE "schema_migrations" ("version" character varying NOT NULL PRIMARY KEY)[0m
  ↳ db/schema.rb:13
  [1m[35m (0.5ms)[0m  [1m[34mSELECT "schema_migrations"."version" FROM "schema_migrations" ORDER BY "schema_migrations"."version" ASC[0m
  ↳ db/schema.rb:13
  [1m[35m (1.5ms)[0m  [1m[32mINSERT INTO "schema_migrations" (version) VALUES (20180918210745)[0m
  ↳ db/schema.rb:13
  [1m[35m (4.3ms)[0m  [1m[35mCREATE TABLE "ar_internal_metadata" ("key" character varying NOT NULL PRIMARY KEY, "value" character varying, "created_at" timestamp NOT NULL, "updated_at" timestamp NOT NULL)[0m
  ↳ db/schema.rb:13
  [1m[36mActiveRecord::InternalMetadata Load (0.3ms)[0m  [1m[34mSELECT  "ar_internal_metadata".* FROM "ar_internal_metadata" WHERE "ar_internal_metadata"."key" = $1 LIMIT $2[0m  [["key", "environment"], ["LIMIT", 1]]
  ↳ db/schema.rb:13
  [1m[35m (0.2ms)[0m  [1m[35mBEGIN[0m
  ↳ db/schema.rb:13
  [1m[36mActiveRecord::InternalMetadata Create (0.5ms)[0m  [1m[32mINSERT INTO "ar_internal_metadata" ("key", "value", "created_at", "updated_at") VALUES ($1, $2, $3, $4) RETURNING "key"[0m  [["key", "environment"], ["value", "development"], ["created_at", "2018-09-18 21:17:15.637217"], ["updated_at", "2018-09-18 21:17:15.637217"]]
  ↳ db/schema.rb:13
  [1m[35m (1.2ms)[0m  [1m[35mCOMMIT[0m
  ↳ db/schema.rb:13
  [1m[36mActiveRecord::InternalMetadata Load (0.3ms)[0m  [1m[34mSELECT  "ar_internal_metadata".* FROM "ar_internal_metadata" WHERE "ar_internal_metadata"."key" = $1 LIMIT $2[0m  [["key", "environment"], ["LIMIT", 1]]
  ↳ /Users/cassandraarchibald/.rvm/gems/ruby-2.5.1@TaskListRails/gems/rake-12.3.1/lib/rake/task.rb:271
  [1m[35m (0.1ms)[0m  [1m[35mBEGIN[0m
  ↳ /Users/cassandraarchibald/.rvm/gems/ruby-2.5.1@TaskListRails/gems/rake-12.3.1/lib/rake/task.rb:271
  [1m[35m (0.1ms)[0m  [1m[35mCOMMIT[0m
  ↳ /Users/cassandraarchibald/.rvm/gems/ruby-2.5.1@TaskListRails/gems/rake-12.3.1/lib/rake/task.rb:271
  [1m[35mSQL (0.3ms)[0m  [1m[35mCREATE EXTENSION IF NOT EXISTS "plpgsql"[0m
  ↳ db/schema.rb:16
  [1m[35m (0.3ms)[0m  [1m[35mDROP TABLE IF EXISTS "tasks" CASCADE[0m
  ↳ db/schema.rb:18
  [1m[35m (10.1ms)[0m  [1m[35mCREATE TABLE "tasks" ("id" bigserial primary key, "name" character varying, "description" character varying, "completion" character varying, "date" date, "created_at" timestamp NOT NULL, "updated_at" timestamp NOT NULL)[0m
  ↳ db/schema.rb:18
  [1m[35m (5.4ms)[0m  [1m[35mCREATE TABLE "schema_migrations" ("version" character varying NOT NULL PRIMARY KEY)[0m
  ↳ db/schema.rb:13
  [1m[35m (0.5ms)[0m  [1m[34mSELECT "schema_migrations"."version" FROM "schema_migrations" ORDER BY "schema_migrations"."version" ASC[0m
  ↳ db/schema.rb:13
  [1m[35m (1.5ms)[0m  [1m[32mINSERT INTO "schema_migrations" (version) VALUES (20180918210745)[0m
  ↳ db/schema.rb:13
  [1m[35m (4.4ms)[0m  [1m[35mCREATE TABLE "ar_internal_metadata" ("key" character varying NOT NULL PRIMARY KEY, "value" character varying, "created_at" timestamp NOT NULL, "updated_at" timestamp NOT NULL)[0m
  ↳ db/schema.rb:13
  [1m[36mActiveRecord::InternalMetadata Load (0.3ms)[0m  [1m[34mSELECT  "ar_internal_metadata".* FROM "ar_internal_metadata" WHERE "ar_internal_metadata"."key" = $1 LIMIT $2[0m  [["key", "environment"], ["LIMIT", 1]]
  ↳ db/schema.rb:13
  [1m[35m (0.1ms)[0m  [1m[35mBEGIN[0m
  ↳ db/schema.rb:13
  [1m[36mActiveRecord::InternalMetadata Create (0.5ms)[0m  [1m[32mINSERT INTO "ar_internal_metadata" ("key", "value", "created_at", "updated_at") VALUES ($1, $2, $3, $4) RETURNING "key"[0m  [["key", "environment"], ["value", "development"], ["created_at", "2018-09-18 21:17:15.714014"], ["updated_at", "2018-09-18 21:17:15.714014"]]
  ↳ db/schema.rb:13
  [1m[35m (1.4ms)[0m  [1m[35mCOMMIT[0m
  ↳ db/schema.rb:13
  [1m[36mActiveRecord::InternalMetadata Load (0.4ms)[0m  [1m[34mSELECT  "ar_internal_metadata".* FROM "ar_internal_metadata" WHERE "ar_internal_metadata"."key" = $1 LIMIT $2[0m  [["key", "environment"], ["LIMIT", 1]]
  ↳ /Users/cassandraarchibald/.rvm/gems/ruby-2.5.1@TaskListRails/gems/rake-12.3.1/lib/rake/task.rb:271
  [1m[35m (0.1ms)[0m  [1m[35mBEGIN[0m
  ↳ /Users/cassandraarchibald/.rvm/gems/ruby-2.5.1@TaskListRails/gems/rake-12.3.1/lib/rake/task.rb:271
  [1m[36mActiveRecord::InternalMetadata Update (0.4ms)[0m  [1m[33mUPDATE "ar_internal_metadata" SET "value" = $1, "updated_at" = $2 WHERE "ar_internal_metadata"."key" = $3[0m  [["value", "test"], ["updated_at", "2018-09-18 21:17:15.720428"], ["key", "environment"]]
  ↳ /Users/cassandraarchibald/.rvm/gems/ruby-2.5.1@TaskListRails/gems/rake-12.3.1/lib/rake/task.rb:271
  [1m[35m (1.4ms)[0m  [1m[35mCOMMIT[0m
  ↳ /Users/cassandraarchibald/.rvm/gems/ruby-2.5.1@TaskListRails/gems/rake-12.3.1/lib/rake/task.rb:271
  [1m[35m (2.9ms)[0m  [1m[34mSELECT "schema_migrations"."version" FROM "schema_migrations" ORDER BY "schema_migrations"."version" ASC[0m
  ↳ /Users/cassandraarchibald/.rvm/gems/ruby-2.5.1@TaskListRails/gems/rake-12.3.1/lib/rake/task.rb:271
  [1m[35m (2.1ms)[0m  [1m[34mSELECT "schema_migrations"."version" FROM "schema_migrations" ORDER BY "schema_migrations"."version" ASC[0m
  ↳ /Users/cassandraarchibald/.rvm/gems/ruby-2.5.1@TaskListRails/gems/rake-12.3.1/lib/rake/task.rb:271
  [1m[35m (1.1ms)[0m  [1m[34mSELECT "schema_migrations"."version" FROM "schema_migrations" ORDER BY "schema_migrations"."version" ASC[0m
  ↳ /Users/cassandraarchibald/.rvm/gems/ruby-2.5.1@TaskListRails/gems/rake-12.3.1/lib/rake/task.rb:271
  [1m[35m (27.8ms)[0m  [1m[34mSELECT pg_try_advisory_lock(4169262226251541860)[0m
  ↳ /Users/cassandraarchibald/.rvm/gems/ruby-2.5.1@TaskListRails/gems/rake-12.3.1/lib/rake/task.rb:271
  [1m[35m (1.4ms)[0m  [1m[34mSELECT "schema_migrations"."version" FROM "schema_migrations" ORDER BY "schema_migrations"."version" ASC[0m
  ↳ /Users/cassandraarchibald/.rvm/gems/ruby-2.5.1@TaskListRails/gems/rake-12.3.1/lib/rake/task.rb:271
Migrating to CreateTasks (20180918211958)
  [1m[35m (0.2ms)[0m  [1m[35mBEGIN[0m
  ↳ /Users/cassandraarchibald/.rvm/gems/ruby-2.5.1@TaskListRails/gems/rake-12.3.1/lib/rake/task.rb:271
  [1m[35m (85.7ms)[0m  [1m[35mCREATE TABLE "tasks" ("id" bigserial primary key, "name" character varying, "description" character varying, "completion_date" character varying, "created_at" timestamp NOT NULL, "updated_at" timestamp NOT NULL)[0m
  ↳ db/migrate/20180918211958_create_tasks.rb:3
  [1m[35m (0.1ms)[0m  [1m[31mROLLBACK[0m
  ↳ /Users/cassandraarchibald/.rvm/gems/ruby-2.5.1@TaskListRails/gems/rake-12.3.1/lib/rake/task.rb:271
  [1m[35m (0.3ms)[0m  [1m[34mSELECT pg_advisory_unlock(4169262226251541860)[0m
  ↳ /Users/cassandraarchibald/.rvm/gems/ruby-2.5.1@TaskListRails/gems/rake-12.3.1/lib/rake/task.rb:271
  [1m[35m (2.1ms)[0m  [1m[34mSELECT "schema_migrations"."version" FROM "schema_migrations" ORDER BY "schema_migrations"."version" ASC[0m
  ↳ /Users/cassandraarchibald/.rvm/gems/ruby-2.5.1@TaskListRails/gems/rake-12.3.1/lib/rake/task.rb:271
  [1m[35m (1.1ms)[0m  [1m[34mSELECT "schema_migrations"."version" FROM "schema_migrations" ORDER BY "schema_migrations"."version" ASC[0m
  ↳ /Users/cassandraarchibald/.rvm/gems/ruby-2.5.1@TaskListRails/gems/rake-12.3.1/lib/rake/task.rb:271
  [1m[35m (2.1ms)[0m  [1m[34mSELECT "schema_migrations"."version" FROM "schema_migrations" ORDER BY "schema_migrations"."version" ASC[0m
  ↳ /Users/cassandraarchibald/.rvm/gems/ruby-2.5.1@TaskListRails/gems/rake-12.3.1/lib/rake/task.rb:271
  [1m[35m (12.6ms)[0m  [1m[34mSELECT "ar_internal_metadata"."value" FROM "ar_internal_metadata" WHERE "ar_internal_metadata"."key" = $1[0m  [["key", "environment"]]
  ↳ /Users/cassandraarchibald/.rvm/gems/ruby-2.5.1@TaskListRails/gems/rake-12.3.1/lib/rake/task.rb:271
  [1m[35m (0.3ms)[0m  [1m[34mSELECT "schema_migrations"."version" FROM "schema_migrations" ORDER BY "schema_migrations"."version" ASC[0m
  ↳ /Users/cassandraarchibald/.rvm/gems/ruby-2.5.1@TaskListRails/gems/rake-12.3.1/lib/rake/task.rb:271
  [1m[35m (0.2ms)[0m  [1m[34mSELECT "ar_internal_metadata"."value" FROM "ar_internal_metadata" WHERE "ar_internal_metadata"."key" = $1[0m  [["key", "environment"]]
  ↳ /Users/cassandraarchibald/.rvm/gems/ruby-2.5.1@TaskListRails/gems/rake-12.3.1/lib/rake/task.rb:271
  [1m[35m (0.3ms)[0m  [1m[34mSELECT "schema_migrations"."version" FROM "schema_migrations" ORDER BY "schema_migrations"."version" ASC[0m
  ↳ /Users/cassandraarchibald/.rvm/gems/ruby-2.5.1@TaskListRails/gems/rake-12.3.1/lib/rake/task.rb:271
  [1m[35m (0.3ms)[0m  [1m[34mSELECT "ar_internal_metadata"."value" FROM "ar_internal_metadata" WHERE "ar_internal_metadata"."key" = $1[0m  [["key", "environment"]]
  ↳ /Users/cassandraarchibald/.rvm/gems/ruby-2.5.1@TaskListRails/gems/rake-12.3.1/lib/rake/task.rb:271
  [1m[35m (218.0ms)[0m  [1m[35mDROP DATABASE IF EXISTS "TaskList_development"[0m
  ↳ /Users/cassandraarchibald/.rvm/gems/ruby-2.5.1@TaskListRails/gems/rake-12.3.1/lib/rake/task.rb:271
  [1m[35m (214.5ms)[0m  [1m[35mDROP DATABASE IF EXISTS "TaskList_test"[0m
  ↳ /Users/cassandraarchibald/.rvm/gems/ruby-2.5.1@TaskListRails/gems/rake-12.3.1/lib/rake/task.rb:271
  [1m[35m (567.9ms)[0m  [1m[35mCREATE DATABASE "TaskList_development" ENCODING = 'unicode'[0m
  ↳ /Users/cassandraarchibald/.rvm/gems/ruby-2.5.1@TaskListRails/gems/rake-12.3.1/lib/rake/task.rb:271
  [1m[35m (491.0ms)[0m  [1m[35mCREATE DATABASE "TaskList_test" ENCODING = 'unicode'[0m
  ↳ /Users/cassandraarchibald/.rvm/gems/ruby-2.5.1@TaskListRails/gems/rake-12.3.1/lib/rake/task.rb:271
  [1m[35m (213.5ms)[0m  [1m[35mDROP DATABASE IF EXISTS "TaskList_development"[0m
  ↳ /Users/cassandraarchibald/.rvm/gems/ruby-2.5.1@TaskListRails/gems/rake-12.3.1/lib/rake/task.rb:271
  [1m[35m (199.7ms)[0m  [1m[35mDROP DATABASE IF EXISTS "TaskList_test"[0m
  ↳ /Users/cassandraarchibald/.rvm/gems/ruby-2.5.1@TaskListRails/gems/rake-12.3.1/lib/rake/task.rb:271
  [1m[35m (533.1ms)[0m  [1m[35mCREATE DATABASE "TaskList_development" ENCODING = 'unicode'[0m
  ↳ /Users/cassandraarchibald/.rvm/gems/ruby-2.5.1@TaskListRails/gems/rake-12.3.1/lib/rake/task.rb:271
  [1m[35m (549.6ms)[0m  [1m[35mCREATE DATABASE "TaskList_test" ENCODING = 'unicode'[0m
  ↳ /Users/cassandraarchibald/.rvm/gems/ruby-2.5.1@TaskListRails/gems/rake-12.3.1/lib/rake/task.rb:271
Started GET "/tasks" for 127.0.0.1 at 2018-09-18 14:35:03 -0700

ActiveRecord::PendingMigrationError - Migrations are pending. To resolve this issue, run:

        bin/rails db:migrate RAILS_ENV=development

:

Started POST "/__better_errors/4afb3fc80155aa4a/variables" for 127.0.0.1 at 2018-09-18 14:35:04 -0700
  [1m[35m (91.8ms)[0m  [1m[35mCREATE TABLE "schema_migrations" ("version" character varying NOT NULL PRIMARY KEY)[0m
  ↳ /Users/cassandraarchibald/.rvm/gems/ruby-2.5.1@TaskListRails/gems/rake-12.3.1/lib/rake/task.rb:271
  [1m[35m (70.0ms)[0m  [1m[35mCREATE TABLE "ar_internal_metadata" ("key" character varying NOT NULL PRIMARY KEY, "value" character varying, "created_at" timestamp NOT NULL, "updated_at" timestamp NOT NULL)[0m
  ↳ /Users/cassandraarchibald/.rvm/gems/ruby-2.5.1@TaskListRails/gems/rake-12.3.1/lib/rake/task.rb:271
  [1m[35m (0.4ms)[0m  [1m[34mSELECT pg_try_advisory_lock(4169262226251541860)[0m
  ↳ /Users/cassandraarchibald/.rvm/gems/ruby-2.5.1@TaskListRails/gems/rake-12.3.1/lib/rake/task.rb:271
  [1m[35m (2.0ms)[0m  [1m[34mSELECT "schema_migrations"."version" FROM "schema_migrations" ORDER BY "schema_migrations"."version" ASC[0m
  ↳ /Users/cassandraarchibald/.rvm/gems/ruby-2.5.1@TaskListRails/gems/rake-12.3.1/lib/rake/task.rb:271
Migrating to CreateTasks (20180918211958)
  [1m[35m (0.3ms)[0m  [1m[35mBEGIN[0m
  ↳ /Users/cassandraarchibald/.rvm/gems/ruby-2.5.1@TaskListRails/gems/rake-12.3.1/lib/rake/task.rb:271
  [1m[35m (29.8ms)[0m  [1m[35mCREATE TABLE "tasks" ("id" bigserial primary key, "name" character varying, "description" character varying, "completion_date" character varying, "created_at" timestamp NOT NULL, "updated_at" timestamp NOT NULL)[0m
  ↳ db/migrate/20180918211958_create_tasks.rb:3
  [1m[36mActiveRecord::SchemaMigration Create (1.1ms)[0m  [1m[32mINSERT INTO "schema_migrations" ("version") VALUES ($1) RETURNING "version"[0m  [["version", "20180918211958"]]
  ↳ /Users/cassandraarchibald/.rvm/gems/ruby-2.5.1@TaskListRails/gems/rake-12.3.1/lib/rake/task.rb:271
  [1m[35m (1.2ms)[0m  [1m[35mCOMMIT[0m
  ↳ /Users/cassandraarchibald/.rvm/gems/ruby-2.5.1@TaskListRails/gems/rake-12.3.1/lib/rake/task.rb:271
Migrating to ChangeCompletionToCompletionDate (20180918212917)
  [1m[35m (6.7ms)[0m  [1m[35mBEGIN[0m
  ↳ /Users/cassandraarchibald/.rvm/gems/ruby-2.5.1@TaskListRails/gems/rake-12.3.1/lib/rake/task.rb:271
  [1m[36mActiveRecord::SchemaMigration Create (0.8ms)[0m  [1m[32mINSERT INTO "schema_migrations" ("version") VALUES ($1) RETURNING "version"[0m  [["version", "20180918212917"]]
  ↳ /Users/cassandraarchibald/.rvm/gems/ruby-2.5.1@TaskListRails/gems/rake-12.3.1/lib/rake/task.rb:271
  [1m[35m (5.7ms)[0m  [1m[35mCOMMIT[0m
  ↳ /Users/cassandraarchibald/.rvm/gems/ruby-2.5.1@TaskListRails/gems/rake-12.3.1/lib/rake/task.rb:271
  [1m[36mActiveRecord::InternalMetadata Load (1.0ms)[0m  [1m[34mSELECT  "ar_internal_metadata".* FROM "ar_internal_metadata" WHERE "ar_internal_metadata"."key" = $1 LIMIT $2[0m  [["key", "environment"], ["LIMIT", 1]]
  ↳ /Users/cassandraarchibald/.rvm/gems/ruby-2.5.1@TaskListRails/gems/rake-12.3.1/lib/rake/task.rb:271
  [1m[35m (0.2ms)[0m  [1m[35mBEGIN[0m
  ↳ /Users/cassandraarchibald/.rvm/gems/ruby-2.5.1@TaskListRails/gems/rake-12.3.1/lib/rake/task.rb:271
  [1m[36mActiveRecord::InternalMetadata Create (0.6ms)[0m  [1m[32mINSERT INTO "ar_internal_metadata" ("key", "value", "created_at", "updated_at") VALUES ($1, $2, $3, $4) RETURNING "key"[0m  [["key", "environment"], ["value", "development"], ["created_at", "2018-09-18 21:35:20.399478"], ["updated_at", "2018-09-18 21:35:20.399478"]]
  ↳ /Users/cassandraarchibald/.rvm/gems/ruby-2.5.1@TaskListRails/gems/rake-12.3.1/lib/rake/task.rb:271
  [1m[35m (6.3ms)[0m  [1m[35mCOMMIT[0m
  ↳ /Users/cassandraarchibald/.rvm/gems/ruby-2.5.1@TaskListRails/gems/rake-12.3.1/lib/rake/task.rb:271
  [1m[35m (0.5ms)[0m  [1m[34mSELECT pg_advisory_unlock(4169262226251541860)[0m
  ↳ /Users/cassandraarchibald/.rvm/gems/ruby-2.5.1@TaskListRails/gems/rake-12.3.1/lib/rake/task.rb:271
  [1m[35m (0.3ms)[0m  [1m[34mSELECT "schema_migrations"."version" FROM "schema_migrations" ORDER BY "schema_migrations"."version" ASC[0m
  ↳ /Users/cassandraarchibald/.rvm/gems/ruby-2.5.1@TaskListRails/gems/rake-12.3.1/lib/rake/task.rb:271
  [1m[35m (95.0ms)[0m  [1m[34mSELECT "schema_migrations"."version" FROM "schema_migrations" ORDER BY "schema_migrations"."version" ASC[0m
  ↳ /Users/cassandraarchibald/.rvm/gems/ruby-2.5.1@TaskListRails/gems/rake-12.3.1/lib/rake/task.rb:271
Started GET "/tasks" for 127.0.0.1 at 2018-09-18 14:36:56 -0700
  [1m[35m (0.6ms)[0m  [1m[34mSELECT "schema_migrations"."version" FROM "schema_migrations" ORDER BY "schema_migrations"."version" ASC[0m
  ↳ /Users/cassandraarchibald/.rvm/gems/ruby-2.5.1@TaskListRails/gems/better_errors-2.5.0/lib/better_errors/middleware.rb:84
Processing by TasksController#index as HTML
  Rendering tasks/index.html.erb within layouts/application
  Rendered tasks/index.html.erb within layouts/application (3.7ms)
Completed 200 OK in 339ms (Views: 326.7ms | ActiveRecord: 0.0ms)


